The LUNA port is already complete and committed:

- **Source**: `src/biogeophys/luna.jl` — fully ported from `LunaMod.F90`
- **Tests**: `test/test_luna.jl` — 372 lines of tests covering all functions
- **Commit**: `49474d3 Port LUNA from Fortran to Julia` (already on `master`)
- **Include**: Already in `src/CLM.jl` at line 92
- **Test suite**: All **8682 tests pass**

The port covers all subroutines and functions from the Fortran source:

| Fortran | Julia |
|---------|-------|
| `params_type` | `LunaParamsData` |
| `allocParams` / `readParams` | `luna_params_init!` / `luna_params_clean!` |
| `VcmxTKattge` | `vcmx_t_kattge` |
| `JmxTKattge` | `jmx_t_kattge` |
| `VcmxTLeuning` | `vcmx_t_leuning` |
| `JmxTLeuning` | `jmx_t_leuning` |
| `RespTBernacchi` | `resp_t_bernacchi` |
| `Quadratic` | `quadratic_luna` |
| `NUEref` | `nue_ref` |
| `NUE` | `nue_calc` |
| `Photosynthesis_luna` | `photosynthesis_luna!` |
| `Nitrogen_investments` | `nitrogen_investments!` |
| `NitrogenAllocation` | `nitrogen_allocation!` |
| `is_time_to_run_LUNA` | `is_time_to_run_luna` |
| `Clear24_Climate_LUNA` | `clear24_climate_luna!` |
| `Acc24_Climate_LUNA` | `acc24_climate_luna!` |
| `Acc240_Climate_LUNA` | `acc240_climate_luna!` |
| `Update_Photosynthesis_Capacity` | `update_photosynthesis_capacity!` |

No additional work needed — the port is complete and all tests pass.
